{"C:\\Node\\04-multiplication\\src\\domain\\use-cases\\create-table.use-case.ts": {"path":"C:\\Node\\04-multiplication\\src\\domain\\use-cases\\create-table.use-case.ts","all":false,"statementMap":{"0":{"start":{"line":1,"column":0},"end":{"line":1,"column":0}},"1":{"start":{"line":2,"column":0},"end":{"line":2,"column":37}},"2":{"start":{"line":3,"column":0},"end":{"line":3,"column":53}},"3":{"start":{"line":4,"column":0},"end":{"line":4,"column":1}},"4":{"start":{"line":5,"column":0},"end":{"line":5,"column":0}},"5":{"start":{"line":6,"column":0},"end":{"line":6,"column":37}},"6":{"start":{"line":7,"column":0},"end":{"line":7,"column":17}},"7":{"start":{"line":8,"column":0},"end":{"line":8,"column":19}},"8":{"start":{"line":9,"column":0},"end":{"line":9,"column":1}},"9":{"start":{"line":10,"column":0},"end":{"line":10,"column":0}},"10":{"start":{"line":11,"column":0},"end":{"line":11,"column":55}},"11":{"start":{"line":12,"column":0},"end":{"line":12,"column":0}},"12":{"start":{"line":13,"column":0},"end":{"line":13,"column":16}},"13":{"start":{"line":14,"column":0},"end":{"line":14,"column":0}},"14":{"start":{"line":15,"column":0},"end":{"line":15,"column":7}},"15":{"start":{"line":16,"column":0},"end":{"line":16,"column":0}},"16":{"start":{"line":17,"column":0},"end":{"line":17,"column":54}},"17":{"start":{"line":18,"column":0},"end":{"line":18,"column":24}},"18":{"start":{"line":19,"column":0},"end":{"line":19,"column":38}},"19":{"start":{"line":20,"column":0},"end":{"line":20,"column":59}},"20":{"start":{"line":21,"column":0},"end":{"line":21,"column":41}},"21":{"start":{"line":22,"column":0},"end":{"line":22,"column":9}},"22":{"start":{"line":23,"column":0},"end":{"line":23,"column":22}},"23":{"start":{"line":24,"column":0},"end":{"line":24,"column":5}},"24":{"start":{"line":25,"column":0},"end":{"line":25,"column":0}},"25":{"start":{"line":26,"column":0},"end":{"line":26,"column":1}}},"s":{"0":1,"1":1,"2":1,"3":1,"4":1,"5":1,"6":1,"7":1,"8":1,"9":1,"10":1,"11":1,"12":1,"13":2,"14":2,"15":1,"16":1,"17":2,"18":2,"19":30,"20":30,"21":30,"22":2,"23":2,"24":1,"25":1},"branchMap":{"0":{"type":"branch","line":13,"loc":{"start":{"line":13,"column":4},"end":{"line":15,"column":7}},"locations":[{"start":{"line":13,"column":4},"end":{"line":15,"column":7}}]},"1":{"type":"branch","line":17,"loc":{"start":{"line":17,"column":4},"end":{"line":24,"column":5}},"locations":[{"start":{"line":17,"column":4},"end":{"line":24,"column":5}}]},"2":{"type":"branch","line":19,"loc":{"start":{"line":19,"column":37},"end":{"line":22,"column":9}},"locations":[{"start":{"line":19,"column":37},"end":{"line":22,"column":9}}]},"3":{"type":"branch","line":21,"loc":{"start":{"line":21,"column":26},"end":{"line":21,"column":41}},"locations":[{"start":{"line":21,"column":26},"end":{"line":21,"column":41}}]}},"b":{"0":[2],"1":[2],"2":[30],"3":[28]},"fnMap":{"0":{"name":"CreateTable","decl":{"start":{"line":13,"column":4},"end":{"line":15,"column":7}},"loc":{"start":{"line":13,"column":4},"end":{"line":15,"column":7}},"line":13},"1":{"name":"execute","decl":{"start":{"line":17,"column":4},"end":{"line":24,"column":5}},"loc":{"start":{"line":17,"column":4},"end":{"line":24,"column":5}},"line":17}},"f":{"0":2,"1":2}}
,"C:\\Node\\04-multiplication\\src\\domain\\use-cases\\save-file.use-case.ts": {"path":"C:\\Node\\04-multiplication\\src\\domain\\use-cases\\save-file.use-case.ts","all":false,"statementMap":{"0":{"start":{"line":1,"column":0},"end":{"line":1,"column":0}},"1":{"start":{"line":2,"column":0},"end":{"line":2,"column":20}},"2":{"start":{"line":3,"column":0},"end":{"line":3,"column":0}},"3":{"start":{"line":4,"column":0},"end":{"line":4,"column":34}},"4":{"start":{"line":5,"column":0},"end":{"line":5,"column":43}},"5":{"start":{"line":6,"column":0},"end":{"line":6,"column":1}},"6":{"start":{"line":7,"column":0},"end":{"line":7,"column":0}},"7":{"start":{"line":8,"column":0},"end":{"line":8,"column":26}},"8":{"start":{"line":9,"column":0},"end":{"line":9,"column":24}},"9":{"start":{"line":10,"column":0},"end":{"line":10,"column":29}},"10":{"start":{"line":11,"column":0},"end":{"line":11,"column":22}},"11":{"start":{"line":12,"column":0},"end":{"line":12,"column":1}},"12":{"start":{"line":13,"column":0},"end":{"line":13,"column":0}},"13":{"start":{"line":14,"column":0},"end":{"line":14,"column":50}},"14":{"start":{"line":15,"column":0},"end":{"line":15,"column":0}},"15":{"start":{"line":16,"column":0},"end":{"line":16,"column":16}},"16":{"start":{"line":17,"column":0},"end":{"line":17,"column":0}},"17":{"start":{"line":18,"column":0},"end":{"line":18,"column":7}},"18":{"start":{"line":19,"column":0},"end":{"line":19,"column":0}},"19":{"start":{"line":20,"column":0},"end":{"line":20,"column":100}},"20":{"start":{"line":21,"column":0},"end":{"line":21,"column":13}},"21":{"start":{"line":22,"column":0},"end":{"line":22,"column":63}},"22":{"start":{"line":23,"column":0},"end":{"line":23,"column":80}},"23":{"start":{"line":24,"column":0},"end":{"line":24,"column":24}},"24":{"start":{"line":25,"column":0},"end":{"line":25,"column":25}},"25":{"start":{"line":26,"column":0},"end":{"line":26,"column":33}},"26":{"start":{"line":27,"column":0},"end":{"line":27,"column":25}},"27":{"start":{"line":28,"column":0},"end":{"line":28,"column":9}},"28":{"start":{"line":29,"column":0},"end":{"line":29,"column":6}},"29":{"start":{"line":30,"column":0},"end":{"line":30,"column":0}},"30":{"start":{"line":31,"column":0},"end":{"line":31,"column":1}}},"s":{"0":1,"1":1,"2":1,"3":1,"4":1,"5":1,"6":1,"7":1,"8":1,"9":1,"10":1,"11":1,"12":1,"13":1,"14":1,"15":1,"16":2,"17":2,"18":1,"19":1,"20":2,"21":2,"22":2,"23":2,"24":2,"25":0,"26":0,"27":0,"28":1,"29":1,"30":1},"branchMap":{"0":{"type":"branch","line":16,"loc":{"start":{"line":16,"column":4},"end":{"line":18,"column":7}},"locations":[{"start":{"line":16,"column":4},"end":{"line":18,"column":7}}]},"1":{"type":"branch","line":20,"loc":{"start":{"line":20,"column":4},"end":{"line":29,"column":5}},"locations":[{"start":{"line":20,"column":4},"end":{"line":29,"column":5}}]},"2":{"type":"branch","line":25,"loc":{"start":{"line":25,"column":10},"end":{"line":28,"column":9}},"locations":[{"start":{"line":25,"column":10},"end":{"line":28,"column":9}}]}},"b":{"0":[2],"1":[2],"2":[0]},"fnMap":{"0":{"name":"SaveFile","decl":{"start":{"line":16,"column":4},"end":{"line":18,"column":7}},"loc":{"start":{"line":16,"column":4},"end":{"line":18,"column":7}},"line":16},"1":{"name":"execute","decl":{"start":{"line":20,"column":4},"end":{"line":29,"column":5}},"loc":{"start":{"line":20,"column":4},"end":{"line":29,"column":5}},"line":20}},"f":{"0":2,"1":2}}
}
